# this configuration file is suitable for displaying kernel log files


# example of text substitution
#regexp=\bda?emon
#replace=angel
#colours=red
#======
# example of text substitution
#regexp=(\d\d):(\d\d):(\d\d)
#replace=\1h\2m\3s
#======

# display this line in yellow and stop further processing
regexp=.*last message repeated \d+ times$
colours=yellow
count=stop
======
# this is date
regexp=^... (\d| )\d \d\d:\d\d:\d\d(\s[\w\d]+?\s)
colours=green, green, red
count=once
======
# 进入方法+方法
regexp=\enter_method.+?\)
colours=green
count=more
======
# 进入方法
regexp=enter_method
colours=on_blue white
count=more


======
# 进入dubbo方法+方法
regexp=\invoked_dubbo_method.+?\)
colours=green
count=more
======
# 进入dubbo方法
regexp=invoked_dubbo_method
colours=on_blue white
count=more

======
# param
regexp=params
colours=yellow
count=more

